<?xml version="1.0" encoding="UTF-8"?>
<!-- Generated by org.testng.reporters.JUnitXMLReporter -->
<testsuite ignored="0" hostname="Raman" failures="0" tests="3" name="Default test" time="21.181" errors="0" timestamp="2023-01-08T14:51:36 EST">
  <testcase classname="com.parabank.qa.testcases.RegistrationTest" name="validateFMLIlink" time="0.958"/>
  <testcase classname="com.parabank.qa.testcases.RegistrationTest" name="RegistrationPageTitleTest" time="0.01"/>
  <testcase classname="com.parabank.qa.testcases.RegistrationTest" name="validateRegistrationFormTest" time="0.0">
    <skipped/>
  </testcase> <!-- validateRegistrationFormTest -->
</testsuite> <!-- Default test -->
